g:\beastcurve\cocos2d\cocos\editor-support\spine\proj.win32\debug.win32\atlas.obj
g:\beastcurve\cocos2d\cocos\editor-support\spine\proj.win32\debug.win32\attachmentloader.obj
g:\beastcurve\cocos2d\cocos\editor-support\spine\proj.win32\debug.win32\event.obj
g:\beastcurve\cocos2d\cocos\editor-support\spine\proj.win32\debug.win32\ikconstraint.obj
g:\beastcurve\cocos2d\cocos\editor-support\spine\proj.win32\debug.win32\skeleton.obj
g:\beastcurve\cocos2d\cocos\editor-support\spine\proj.win32\debug.win32\skin.obj
g:\beastcurve\cocos2d\cocos\editor-support\spine\proj.win32\debug.win32\slotdata.obj
g:\beastcurve\cocos2d\cocos\editor-support\spine\proj.win32\debug.win32\animation.obj
g:\beastcurve\cocos2d\cocos\editor-support\spine\proj.win32\debug.win32\bone.obj
g:\beastcurve\cocos2d\cocos\editor-support\spine\proj.win32\debug.win32\eventdata.obj
g:\beastcurve\cocos2d\cocos\editor-support\spine\proj.win32\debug.win32\json.obj
g:\beastcurve\cocos2d\cocos\editor-support\spine\proj.win32\debug.win32\skeletonbounds.obj
g:\beastcurve\cocos2d\cocos\editor-support\spine\proj.win32\debug.win32\skinnedmeshattachment.obj
g:\beastcurve\cocos2d\cocos\editor-support\spine\proj.win32\debug.win32\animationstate.obj
g:\beastcurve\cocos2d\cocos\editor-support\spine\proj.win32\debug.win32\attachment.obj
g:\beastcurve\cocos2d\cocos\editor-support\spine\proj.win32\debug.win32\bonedata.obj
g:\beastcurve\cocos2d\cocos\editor-support\spine\proj.win32\debug.win32\extension.obj
g:\beastcurve\cocos2d\cocos\editor-support\spine\proj.win32\debug.win32\meshattachment.obj
g:\beastcurve\cocos2d\cocos\editor-support\spine\proj.win32\debug.win32\skeletondata.obj
g:\beastcurve\cocos2d\cocos\editor-support\spine\proj.win32\debug.win32\slot.obj
g:\beastcurve\cocos2d\cocos\editor-support\spine\proj.win32\debug.win32\animationstatedata.obj
g:\beastcurve\cocos2d\cocos\editor-support\spine\proj.win32\debug.win32\atlasattachmentloader.obj
g:\beastcurve\cocos2d\cocos\editor-support\spine\proj.win32\debug.win32\boundingboxattachment.obj
g:\beastcurve\cocos2d\cocos\editor-support\spine\proj.win32\debug.win32\ikconstraintdata.obj
g:\beastcurve\cocos2d\cocos\editor-support\spine\proj.win32\debug.win32\regionattachment.obj
g:\beastcurve\cocos2d\cocos\editor-support\spine\proj.win32\debug.win32\skeletonjson.obj
g:\beastcurve\cocos2d\cocos\editor-support\spine\proj.win32\debug.win32\vc120.pdb
g:\beastcurve\cocos2d\cocos\editor-support\spine\proj.win32\debug.win32\polygonbatch.obj
g:\beastcurve\cocos2d\cocos\editor-support\spine\proj.win32\debug.win32\skeletonrenderer.obj
g:\beastcurve\cocos2d\cocos\editor-support\spine\proj.win32\debug.win32\skeletonanimation.obj
g:\beastcurve\cocos2d\cocos\editor-support\spine\proj.win32\debug.win32\spine-cocos2dx.obj
g:\beastcurve\proj.win32\debug.win32\libspine.lib
g:\beastcurve\cocos2d\cocos\editor-support\spine\proj.win32\debug.win32\vc120.idb
g:\beastcurve\cocos2d\cocos\editor-support\spine\proj.win32\debug.win32\libspine.tlog\cl.command.1.tlog
g:\beastcurve\cocos2d\cocos\editor-support\spine\proj.win32\debug.win32\libspine.tlog\cl.read.1.tlog
g:\beastcurve\cocos2d\cocos\editor-support\spine\proj.win32\debug.win32\libspine.tlog\cl.write.1.tlog
g:\beastcurve\cocos2d\cocos\editor-support\spine\proj.win32\debug.win32\libspine.tlog\lib-link.read.1.tlog
g:\beastcurve\cocos2d\cocos\editor-support\spine\proj.win32\debug.win32\libspine.tlog\lib-link.write.1.tlog
g:\beastcurve\cocos2d\cocos\editor-support\spine\proj.win32\debug.win32\libspine.tlog\lib.command.1.tlog
