Build started 03/04/2015 00:53:45.
     1>Project "G:\BeastCurve\cocos2d\cocos\editor-support\spine\proj.win32\libSpine.vcxproj" on node 3 (Rebuild target(s)).
     1>ClCompile:
         G:\Visual Studio\VC\bin\CL.exe /c /IG:\BeastCurve\cocos2d\cocos\2d\..\..\ /IG:\BeastCurve\cocos2d\cocos\2d\..\..\cocos\audio\include /I"G:\BeastCurve\cocos2d\cocos\2d\..\..\cocos\editor-support" /IG:\BeastCurve\cocos2d\cocos\2d\..\..\extensions /I"G:\BeastCurve\cocos2d\cocos\2d\..\..\cocos\editor-support" /IG:\BeastCurve\cocos2d\cocos\2d\..\..\cocos /IG:\BeastCurve\cocos2d\cocos\2d\..\..\cocos\platform /IG:\BeastCurve\cocos2d\cocos\2d\..\..\cocos\platform\desktop /IG:\BeastCurve\cocos2d\cocos\2d\..\..\external\glfw3\include\win32 /I"G:\BeastCurve\cocos2d\cocos\2d\..\..\external\win32-specific\gles\include\OGLES" /ZI /nologo /W3 /WX- /MP /Od /Oy- /D WIN32 /D _DEBUG /D _WINDOWS /D _LIB /D COCOS2DXWIN32_EXPORTS /D GL_GLEXT_PROTOTYPES /D COCOS2D_DEBUG=1 /D _CRT_SECURE_NO_WARNINGS /D _SCL_SECURE_NO_WARNINGS /D _VARIADIC_MAX=10 /D _USING_V110_SDK71_ /D _UNICODE /D UNICODE /Gm- /EHsc /RTC1 /MDd /GS /fp:precise /Zc:wchar_t /Zc:forScope /Fo"Debug.win32\\" /Fd"Debug.win32\vc120.pdb" /Gd /TC /wd4267 /wd4251 /wd4244 /analyze- /errorReport:prompt ..\Animation.c ..\AnimationState.c ..\AnimationStateData.c ..\Atlas.c ..\AtlasAttachmentLoader.c ..\Attachment.c ..\AttachmentLoader.c ..\Bone.c ..\BoneData.c ..\BoundingBoxAttachment.c ..\Event.c ..\EventData.c ..\extension.c ..\IkConstraint.c ..\IkConstraintData.c ..\Json.c ..\MeshAttachment.c ..\RegionAttachment.c ..\Skeleton.c ..\SkeletonBounds.c ..\SkeletonData.c ..\SkeletonJson.c ..\Skin.c ..\SkinnedMeshAttachment.c ..\Slot.c ..\SlotData.c
         Animation.c
         AnimationState.c
         AnimationStateData.c
         Atlas.c
         AtlasAttachmentLoader.c
         Attachment.c
         AttachmentLoader.c
         Bone.c
         BoneData.c
         BoundingBoxAttachment.c
         Event.c
         EventData.c
         extension.c
         IkConstraint.c
         IkConstraintData.c
         Json.c
         MeshAttachment.c
         RegionAttachment.c
         Skeleton.c
         SkeletonBounds.c
         SkeletonData.c
         SkeletonJson.c
         Skin.c
         SkinnedMeshAttachment.c
         Slot.c
         SlotData.c
         G:\Visual Studio\VC\bin\CL.exe /c /IG:\BeastCurve\cocos2d\cocos\2d\..\..\ /IG:\BeastCurve\cocos2d\cocos\2d\..\..\cocos\audio\include /I"G:\BeastCurve\cocos2d\cocos\2d\..\..\cocos\editor-support" /IG:\BeastCurve\cocos2d\cocos\2d\..\..\extensions /I"G:\BeastCurve\cocos2d\cocos\2d\..\..\cocos\editor-support" /IG:\BeastCurve\cocos2d\cocos\2d\..\..\cocos /IG:\BeastCurve\cocos2d\cocos\2d\..\..\cocos\platform /IG:\BeastCurve\cocos2d\cocos\2d\..\..\cocos\platform\desktop /IG:\BeastCurve\cocos2d\cocos\2d\..\..\external\glfw3\include\win32 /I"G:\BeastCurve\cocos2d\cocos\2d\..\..\external\win32-specific\gles\include\OGLES" /ZI /nologo /W3 /WX- /MP /Od /Oy- /D WIN32 /D _DEBUG /D _WINDOWS /D _LIB /D COCOS2DXWIN32_EXPORTS /D GL_GLEXT_PROTOTYPES /D COCOS2D_DEBUG=1 /D _CRT_SECURE_NO_WARNINGS /D _SCL_SECURE_NO_WARNINGS /D _VARIADIC_MAX=10 /D _USING_V110_SDK71_ /D _UNICODE /D UNICODE /Gm- /EHsc /RTC1 /MDd /GS /fp:precise /Zc:wchar_t /Zc:forScope /Fo"Debug.win32\\" /Fd"Debug.win32\vc120.pdb" /Gd /TP /wd4267 /wd4251 /wd4244 /analyze- /errorReport:prompt ..\PolygonBatch.cpp ..\SkeletonAnimation.cpp ..\SkeletonRenderer.cpp "..\spine-cocos2dx.cpp"
         PolygonBatch.cpp
         SkeletonAnimation.cpp
         SkeletonRenderer.cpp
         spine-cocos2dx.cpp
     1>g:\beastcurve\cocos2d\cocos\editor-support\spine\skeletonrenderer.cpp(229): warning C4996: 'cocos2d::DrawPrimitives::setDrawColor4B': was declared deprecated
                 g:\beastcurve\cocos2d\cocos\2d\ccdrawingprimitives.h(233) : see declaration of 'cocos2d::DrawPrimitives::setDrawColor4B'
     1>g:\beastcurve\cocos2d\cocos\editor-support\spine\skeletonrenderer.cpp(242): warning C4996: 'cocos2d::DrawPrimitives::drawPoly': was declared deprecated
                 g:\beastcurve\cocos2d\cocos\2d\ccdrawingprimitives.h(133) : see declaration of 'cocos2d::DrawPrimitives::drawPoly'
     1>g:\beastcurve\cocos2d\cocos\editor-support\spine\skeletonrenderer.cpp(248): warning C4996: 'cocos2d::DrawPrimitives::setDrawColor4B': was declared deprecated
                 g:\beastcurve\cocos2d\cocos\2d\ccdrawingprimitives.h(233) : see declaration of 'cocos2d::DrawPrimitives::setDrawColor4B'
     1>g:\beastcurve\cocos2d\cocos\editor-support\spine\skeletonrenderer.cpp(253): warning C4996: 'cocos2d::DrawPrimitives::drawLine': was declared deprecated
                 g:\beastcurve\cocos2d\cocos\2d\ccdrawingprimitives.h(106) : see declaration of 'cocos2d::DrawPrimitives::drawLine'
     1>g:\beastcurve\cocos2d\cocos\editor-support\spine\skeletonrenderer.cpp(256): warning C4996: 'cocos2d::DrawPrimitives::setPointSize': was declared deprecated
                 g:\beastcurve\cocos2d\cocos\2d\ccdrawingprimitives.h(250) : see declaration of 'cocos2d::DrawPrimitives::setPointSize'
     1>g:\beastcurve\cocos2d\cocos\editor-support\spine\skeletonrenderer.cpp(257): warning C4996: 'cocos2d::DrawPrimitives::setDrawColor4B': was declared deprecated
                 g:\beastcurve\cocos2d\cocos\2d\ccdrawingprimitives.h(233) : see declaration of 'cocos2d::DrawPrimitives::setDrawColor4B'
     1>g:\beastcurve\cocos2d\cocos\editor-support\spine\skeletonrenderer.cpp(260): warning C4996: 'cocos2d::DrawPrimitives::drawPoint': was declared deprecated
                 g:\beastcurve\cocos2d\cocos\2d\ccdrawingprimitives.h(91) : see declaration of 'cocos2d::DrawPrimitives::drawPoint'
     1>g:\beastcurve\cocos2d\cocos\editor-support\spine\skeletonrenderer.cpp(261): warning C4996: 'cocos2d::DrawPrimitives::setDrawColor4B': was declared deprecated
                 g:\beastcurve\cocos2d\cocos\2d\ccdrawingprimitives.h(233) : see declaration of 'cocos2d::DrawPrimitives::setDrawColor4B'
       Lib:
         G:\Visual Studio\VC\bin\Lib.exe /OUT:"G:\BeastCurve\proj.win32\Debug.win32\libSpine.lib" /NOLOGO Debug.win32\Animation.obj
         Debug.win32\AnimationState.obj
         Debug.win32\AnimationStateData.obj
         Debug.win32\Atlas.obj
         Debug.win32\AtlasAttachmentLoader.obj
         Debug.win32\Attachment.obj
         Debug.win32\AttachmentLoader.obj
         Debug.win32\Bone.obj
         Debug.win32\BoneData.obj
         Debug.win32\BoundingBoxAttachment.obj
         Debug.win32\Event.obj
         Debug.win32\EventData.obj
         Debug.win32\extension.obj
         Debug.win32\IkConstraint.obj
         Debug.win32\IkConstraintData.obj
         Debug.win32\Json.obj
         Debug.win32\MeshAttachment.obj
         Debug.win32\PolygonBatch.obj
         Debug.win32\RegionAttachment.obj
         Debug.win32\Skeleton.obj
         Debug.win32\SkeletonAnimation.obj
         Debug.win32\SkeletonBounds.obj
         Debug.win32\SkeletonData.obj
         Debug.win32\SkeletonJson.obj
         Debug.win32\SkeletonRenderer.obj
         Debug.win32\Skin.obj
         Debug.win32\SkinnedMeshAttachment.obj
         Debug.win32\Slot.obj
         Debug.win32\SlotData.obj
         "Debug.win32\spine-cocos2dx.obj"
         libSpine.vcxproj -> G:\BeastCurve\proj.win32\Debug.win32\libSpine.lib
     1>Done Building Project "G:\BeastCurve\cocos2d\cocos\editor-support\spine\proj.win32\libSpine.vcxproj" (Rebuild target(s)).

Build succeeded.

Time Elapsed 00:00:26.50
