g:\beastcurve\cocos2d\cocos\2d\debug.win32\assetsmanagerex.obj
g:\beastcurve\cocos2d\cocos\2d\debug.win32\cccontrol.obj
g:\beastcurve\cocos2d\cocos\2d\debug.win32\cccontrolcolourpicker.obj
g:\beastcurve\cocos2d\cocos\2d\debug.win32\cccontrolsaturationbrightnesspicker.obj
g:\beastcurve\cocos2d\cocos\2d\debug.win32\cccontrolswitch.obj
g:\beastcurve\cocos2d\cocos\2d\debug.win32\cctableviewcell.obj
g:\beastcurve\cocos2d\cocos\2d\debug.win32\ccparticle3demitter.obj
g:\beastcurve\cocos2d\cocos\2d\debug.win32\ccparticlesystem3d.obj
g:\beastcurve\cocos2d\cocos\2d\debug.win32\ccpuaffectortranslator.obj
g:\beastcurve\cocos2d\cocos\2d\debug.win32\ccpubasecollidertranslator.obj
g:\beastcurve\cocos2d\cocos\2d\debug.win32\ccpubehaviour.obj
g:\beastcurve\cocos2d\cocos\2d\debug.win32\ccpubillboardchain.obj
g:\beastcurve\cocos2d\cocos\2d\debug.win32\ccpucircleemittertranslator.obj
g:\beastcurve\cocos2d\cocos\2d\debug.win32\ccpudoaffectoreventhandler.obj
g:\beastcurve\cocos2d\cocos\2d\debug.win32\ccpudoenablecomponenteventhandlertranslator.obj
g:\beastcurve\cocos2d\cocos\2d\debug.win32\ccpudofreezeeventhandlertranslator.obj
g:\beastcurve\cocos2d\cocos\2d\debug.win32\ccpudostopsystemeventhandler.obj
g:\beastcurve\cocos2d\cocos\2d\debug.win32\ccpudynamicattributetranslator.obj
g:\beastcurve\cocos2d\cocos\2d\debug.win32\ccpueventhandlermanager.obj
g:\beastcurve\cocos2d\cocos\2d\debug.win32\ccpuforcefield.obj
g:\beastcurve\cocos2d\cocos\2d\debug.win32\ccpugeometryrotator.obj
g:\beastcurve\cocos2d\cocos\2d\debug.win32\ccpuinterparticlecollider.obj
g:\beastcurve\cocos2d\cocos\2d\debug.win32\ccpujetaffectortranslator.obj
g:\beastcurve\cocos2d\cocos\2d\debug.win32\ccpulineemitter.obj
g:\beastcurve\cocos2d\cocos\2d\debug.win32\ccpumeshsurfaceemitter.obj
g:\beastcurve\cocos2d\cocos\2d\debug.win32\ccpuobserver.obj
g:\beastcurve\cocos2d\cocos\2d\debug.win32\ccpuonclearobservertranslator.obj
g:\beastcurve\cocos2d\cocos\2d\debug.win32\ccpuoncountobservertranslator.obj
g:\beastcurve\cocos2d\cocos\2d\debug.win32\ccpuoneventflagobservertranslator.obj
g:\beastcurve\cocos2d\cocos\2d\debug.win32\ccpuonpositionobservertranslator.obj
g:\beastcurve\cocos2d\cocos\2d\debug.win32\ccpuonrandomobservertranslator.obj
g:\beastcurve\cocos2d\cocos\2d\debug.win32\ccpuonvelocityobservertranslator.obj
g:\beastcurve\cocos2d\cocos\2d\debug.win32\ccpuparticlesystem3dtranslator.obj
g:\beastcurve\cocos2d\cocos\2d\debug.win32\ccpuplane.obj
g:\beastcurve\cocos2d\cocos\2d\debug.win32\ccpupointemittertranslator.obj
g:\beastcurve\cocos2d\cocos\2d\debug.win32\ccpurandomisertranslator.obj
g:\beastcurve\cocos2d\cocos\2d\debug.win32\ccpuribbontrailrender.obj
g:\beastcurve\cocos2d\cocos\2d\debug.win32\ccpuscriptcompiler.obj
g:\beastcurve\cocos2d\cocos\2d\debug.win32\ccpuslavebehaviour.obj
g:\beastcurve\cocos2d\cocos\2d\debug.win32\ccpuslaveemittertranslator.obj
g:\beastcurve\cocos2d\cocos\2d\debug.win32\ccpuspheresurfaceemittertranslator.obj
g:\beastcurve\cocos2d\cocos\2d\debug.win32\ccputexturerotator.obj
g:\beastcurve\cocos2d\cocos\2d\debug.win32\ccpuvelocitymatchingaffector.obj
g:\beastcurve\cocos2d\cocos\2d\debug.win32\ccpuvortexaffectortranslator.obj
g:\beastcurve\cocos2d\cocos\2d\debug.win32\edtaa3func.obj
g:\beastcurve\cocos2d\cocos\2d\debug.win32\flatc.obj
g:\beastcurve\cocos2d\cocos\2d\debug.win32\idl_gen_go.obj
g:\beastcurve\cocos2d\cocos\2d\debug.win32\xxhash.obj
g:\beastcurve\cocos2d\cocos\2d\debug.win32\ccanimate3d.obj
g:\beastcurve\cocos2d\cocos\2d\debug.win32\ccfrustum.obj
g:\beastcurve\cocos2d\cocos\2d\debug.win32\ccmeshvertexindexdata.obj
g:\beastcurve\cocos2d\cocos\2d\debug.win32\ccsprite3dmaterial.obj
g:\beastcurve\cocos2d\cocos\2d\debug.win32\audioengine-win32.obj
g:\beastcurve\cocos2d\cocos\2d\debug.win32\ccallocatorglobal.obj
g:\beastcurve\cocos2d\cocos\2d\debug.win32\ccallocatorglobalnewdelete.obj
g:\beastcurve\cocos2d\cocos\2d\debug.win32\cccarray.obj
g:\beastcurve\cocos2d\cocos\2d\debug.win32\ccconsole.obj
g:\beastcurve\cocos2d\cocos\2d\debug.win32\cceventcustom.obj
g:\beastcurve\cocos2d\cocos\2d\debug.win32\cceventdispatcher.obj
g:\beastcurve\cocos2d\cocos\2d\debug.win32\cceventlistenermouse.obj
g:\beastcurve\cocos2d\cocos\2d\debug.win32\cceventtouch.obj
g:\beastcurve\cocos2d\cocos\2d\debug.win32\ccns.obj
g:\beastcurve\cocos2d\cocos\2d\debug.win32\ccscriptsupport.obj
g:\beastcurve\cocos2d\cocos\2d\debug.win32\ccuserdefault.obj
g:\beastcurve\cocos2d\cocos\2d\debug.win32\s3tc.obj
g:\beastcurve\cocos2d\cocos\2d\debug.win32\ziputils.obj
g:\beastcurve\cocos2d\cocos\2d\debug.win32\ccnotificationcenter.obj
g:\beastcurve\cocos2d\cocos\2d\debug.win32\ccbanimationmanager.obj
g:\beastcurve\cocos2d\cocos\2d\debug.win32\ccbsequenceproperty.obj
g:\beastcurve\cocos2d\cocos\2d\debug.win32\cclabelbmfontloader.obj
g:\beastcurve\cocos2d\cocos\2d\debug.win32\cclayergradientloader.obj
g:\beastcurve\cocos2d\cocos\2d\debug.win32\ccnodeloader.obj
g:\beastcurve\cocos2d\cocos\2d\debug.win32\ccactiontimelinecache.obj
g:\beastcurve\cocos2d\cocos\2d\debug.win32\ccactionmanagerex.obj
g:\beastcurve\cocos2d\cocos\2d\debug.win32\ccarmature.obj
g:\beastcurve\cocos2d\cocos\2d\debug.win32\cccolliderdetector.obj
g:\beastcurve\cocos2d\cocos\2d\debug.win32\cccomattribute.obj
g:\beastcurve\cocos2d\cocos\2d\debug.win32\cccomrender.obj
g:\beastcurve\cocos2d\cocos\2d\debug.win32\ccsscenereader.obj
g:\beastcurve\cocos2d\cocos\2d\debug.win32\triggerobj.obj
g:\beastcurve\cocos2d\cocos\2d\debug.win32\checkboxreader.obj
g:\beastcurve\cocos2d\cocos\2d\debug.win32\layoutreader.obj
g:\beastcurve\cocos2d\cocos\2d\debug.win32\pageviewreader.obj
g:\beastcurve\cocos2d\cocos\2d\debug.win32\singlenodereader.obj
g:\beastcurve\cocos2d\cocos\2d\debug.win32\textbmfontreader.obj
g:\beastcurve\cocos2d\cocos\2d\debug.win32\sprite3dreader.obj
g:\beastcurve\cocos2d\cocos\2d\debug.win32\ccaffinetransform.obj
g:\beastcurve\cocos2d\cocos\2d\debug.win32\ccvertex.obj
g:\beastcurve\cocos2d\cocos\2d\debug.win32\quaternion.obj
g:\beastcurve\cocos2d\cocos\2d\debug.win32\vec3.obj
g:\beastcurve\cocos2d\cocos\2d\debug.win32\socketio.obj
g:\beastcurve\cocos2d\cocos\2d\debug.win32\ccphysicscontact.obj
g:\beastcurve\cocos2d\cocos\2d\debug.win32\ccfileutils.obj
g:\beastcurve\cocos2d\cocos\2d\debug.win32\cccommon-win32.obj
g:\beastcurve\cocos2d\cocos\2d\debug.win32\ccdevice-win32.obj
g:\beastcurve\cocos2d\cocos\2d\debug.win32\ccglprogram.obj
g:\beastcurve\cocos2d\cocos\2d\debug.win32\ccglstatecache.obj
g:\beastcurve\cocos2d\cocos\2d\debug.win32\ccprimitivecommand.obj
g:\beastcurve\cocos2d\cocos\2d\debug.win32\ccshaders.obj
g:\beastcurve\cocos2d\cocos\2d\debug.win32\cctextureatlas.obj
g:\beastcurve\cocos2d\cocos\2d\debug.win32\ccvertexindexdata.obj
g:\beastcurve\cocos2d\cocos\2d\debug.win32\cocosgui.obj
g:\beastcurve\cocos2d\cocos\2d\debug.win32\uieditbox.obj
g:\beastcurve\cocos2d\cocos\2d\debug.win32\uiimageview.obj
g:\beastcurve\cocos2d\cocos\2d\debug.win32\uilayoutparameter.obj
g:\beastcurve\cocos2d\cocos\2d\debug.win32\uipageview.obj
g:\beastcurve\cocos2d\cocos\2d\debug.win32\uiscrollview.obj
g:\beastcurve\cocos2d\cocos\2d\debug.win32\uitext.obj
g:\beastcurve\cocos2d\cocos\2d\debug.win32\uiwebview.obj
g:\beastcurve\cocos2d\cocos\2d\debug.win32\uiwidget.obj
g:\beastcurve\cocos2d\cocos\2d\debug.win32\ccactioninstant.obj
g:\beastcurve\cocos2d\cocos\2d\debug.win32\ccactionprogresstimer.obj
g:\beastcurve\cocos2d\cocos\2d\debug.win32\ccanimation.obj
g:\beastcurve\cocos2d\cocos\2d\debug.win32\ccclippingnode.obj
g:\beastcurve\cocos2d\cocos\2d\debug.win32\ccdrawingprimitives.obj
g:\beastcurve\cocos2d\cocos\2d\debug.win32\ccfont.obj
g:\beastcurve\cocos2d\cocos\2d\debug.win32\ccfontfnt.obj
g:\beastcurve\cocos2d\cocos\2d\debug.win32\cclabel.obj
g:\beastcurve\cocos2d\cocos\2d\debug.win32\ccmenu.obj
g:\beastcurve\cocos2d\cocos\2d\debug.win32\ccnode.obj
g:\beastcurve\cocos2d\cocos\2d\debug.win32\ccprogresstimer.obj
g:\beastcurve\cocos2d\cocos\2d\debug.win32\ccsprite.obj
g:\beastcurve\cocos2d\cocos\2d\debug.win32\cctextfieldttf.obj
g:\beastcurve\cocos2d\cocos\2d\debug.win32\cctmxobjectgroup.obj
g:\beastcurve\cocos2d\cocos\2d\debug.win32\cctransition.obj
g:\beastcurve\cocos2d\cocos\2d\debug.win32\assetsmanager.obj
g:\beastcurve\cocos2d\cocos\2d\debug.win32\downloader.obj
g:\beastcurve\cocos2d\cocos\2d\debug.win32\cccontrolutils.obj
g:\beastcurve\cocos2d\cocos\2d\debug.win32\ccscrollview.obj
g:\beastcurve\cocos2d\cocos\2d\debug.win32\ccpuaffectormanager.obj
g:\beastcurve\cocos2d\cocos\2d\debug.win32\ccpualignaffectortranslator.obj
g:\beastcurve\cocos2d\cocos\2d\debug.win32\ccpubaseforceaffectortranslator.obj
g:\beastcurve\cocos2d\cocos\2d\debug.win32\ccpubehaviourtranslator.obj
g:\beastcurve\cocos2d\cocos\2d\debug.win32\ccpuboxcollidertranslator.obj
g:\beastcurve\cocos2d\cocos\2d\debug.win32\ccpucircleemitter.obj
g:\beastcurve\cocos2d\cocos\2d\debug.win32\ccpucoloraffector.obj
g:\beastcurve\cocos2d\cocos\2d\debug.win32\ccpudoenablecomponenteventhandler.obj
g:\beastcurve\cocos2d\cocos\2d\debug.win32\ccpudofreezeeventhandler.obj
g:\beastcurve\cocos2d\cocos\2d\debug.win32\ccpudoscaleeventhandler.obj
g:\beastcurve\cocos2d\cocos\2d\debug.win32\ccpudynamicattribute.obj
g:\beastcurve\cocos2d\cocos\2d\debug.win32\ccpuemittertranslator.obj
g:\beastcurve\cocos2d\cocos\2d\debug.win32\ccpuflockcenteringaffector.obj
g:\beastcurve\cocos2d\cocos\2d\debug.win32\ccpuforcefieldaffectortranslator.obj
g:\beastcurve\cocos2d\cocos\2d\debug.win32\ccpugravityaffectortranslator.obj
g:\beastcurve\cocos2d\cocos\2d\debug.win32\ccpulineaffector.obj
g:\beastcurve\cocos2d\cocos\2d\debug.win32\ccpulinearforceaffectortranslator.obj
g:\beastcurve\cocos2d\cocos\2d\debug.win32\ccpumaterialmanager.obj
g:\beastcurve\cocos2d\cocos\2d\debug.win32\ccpuobservertranslator.obj
g:\beastcurve\cocos2d\cocos\2d\debug.win32\ccpuoncollisionobservertranslator.obj
g:\beastcurve\cocos2d\cocos\2d\debug.win32\ccpuoneventflagobserver.obj
g:\beastcurve\cocos2d\cocos\2d\debug.win32\ccpuonexpireobservertranslator.obj
g:\beastcurve\cocos2d\cocos\2d\debug.win32\ccpuonrandomobserver.obj
g:\beastcurve\cocos2d\cocos\2d\debug.win32\ccpuontimeobservertranslator.obj
g:\beastcurve\cocos2d\cocos\2d\debug.win32\ccpuparticlesystem3d.obj
g:\beastcurve\cocos2d\cocos\2d\debug.win32\ccpuplanecollidertranslator.obj
g:\beastcurve\cocos2d\cocos\2d\debug.win32\ccpupositionemittertranslator.obj
g:\beastcurve\cocos2d\cocos\2d\debug.win32\ccpurenderertranslator.obj
g:\beastcurve\cocos2d\cocos\2d\debug.win32\ccpuscaleaffector.obj
g:\beastcurve\cocos2d\cocos\2d\debug.win32\ccpuscalevelocityaffector.obj
g:\beastcurve\cocos2d\cocos\2d\debug.win32\ccpuscriptparser.obj
g:\beastcurve\cocos2d\cocos\2d\debug.win32\ccpusineforceaffector.obj
g:\beastcurve\cocos2d\cocos\2d\debug.win32\ccpuslavebehaviourtranslator.obj
g:\beastcurve\cocos2d\cocos\2d\debug.win32\ccpuspherecollider.obj
g:\beastcurve\cocos2d\cocos\2d\debug.win32\ccputechniquetranslator.obj
g:\beastcurve\cocos2d\cocos\2d\debug.win32\ccputexturerotatortranslator.obj
g:\beastcurve\cocos2d\cocos\2d\debug.win32\ccpuvelocitymatchingaffectortranslator.obj
g:\beastcurve\cocos2d\cocos\2d\debug.win32\ccphysicsdebugnode.obj
g:\beastcurve\cocos2d\cocos\2d\debug.win32\idl_gen_fbs.obj
g:\beastcurve\cocos2d\cocos\2d\debug.win32\idl_parser.obj
g:\beastcurve\cocos2d\cocos\2d\debug.win32\ccattachnode.obj
g:\beastcurve\cocos2d\cocos\2d\debug.win32\ccbundlereader.obj
g:\beastcurve\cocos2d\cocos\2d\debug.win32\ccmesh.obj
g:\beastcurve\cocos2d\cocos\2d\debug.win32\ccray.obj
g:\beastcurve\cocos2d\cocos\2d\debug.win32\audioengine.obj
g:\beastcurve\cocos2d\cocos\2d\debug.win32\audioplayer.obj
g:\beastcurve\cocos2d\cocos\2d\debug.win32\ccallocatordiagnostics.obj
g:\beastcurve\cocos2d\cocos\2d\debug.win32\atitc.obj
g:\beastcurve\cocos2d\cocos\2d\debug.win32\base64.obj
g:\beastcurve\cocos2d\cocos\2d\debug.win32\ccautoreleasepool.obj
g:\beastcurve\cocos2d\cocos\2d\debug.win32\ccconfiguration.obj
g:\beastcurve\cocos2d\cocos\2d\debug.win32\ccdatavisitor.obj
g:\beastcurve\cocos2d\cocos\2d\debug.win32\ccevent.obj
g:\beastcurve\cocos2d\cocos\2d\debug.win32\cceventacceleration.obj
g:\beastcurve\cocos2d\cocos\2d\debug.win32\cceventfocus.obj
g:\beastcurve\cocos2d\cocos\2d\debug.win32\cceventlistener.obj
g:\beastcurve\cocos2d\cocos\2d\debug.win32\cceventlistenercustom.obj
g:\beastcurve\cocos2d\cocos\2d\debug.win32\cceventlistenerfocus.obj
g:\beastcurve\cocos2d\cocos\2d\debug.win32\cceventlistenertouch.obj
g:\beastcurve\cocos2d\cocos\2d\debug.win32\ccprofiling.obj
g:\beastcurve\cocos2d\cocos\2d\debug.win32\cctouch.obj
g:\beastcurve\cocos2d\cocos\2d\debug.win32\ccutils.obj
g:\beastcurve\cocos2d\cocos\2d\debug.win32\cocos2d.obj
g:\beastcurve\cocos2d\cocos\2d\debug.win32\ccdeprecated.obj
g:\beastcurve\cocos2d\cocos\2d\debug.win32\cccontrolloader.obj
g:\beastcurve\cocos2d\cocos\2d\debug.win32\cclayercolorloader.obj
g:\beastcurve\cocos2d\cocos\2d\debug.win32\ccnode+ccbrelativepositioning.obj
g:\beastcurve\cocos2d\cocos\2d\debug.win32\ccparticlesystemquadloader.obj
g:\beastcurve\cocos2d\cocos\2d\debug.win32\ccscrollviewloader.obj
g:\beastcurve\cocos2d\cocos\2d\debug.win32\ccactiontimelinenode.obj
g:\beastcurve\cocos2d\cocos\2d\debug.win32\ccactionframe.obj
g:\beastcurve\cocos2d\cocos\2d\debug.win32\ccactionnode.obj
g:\beastcurve\cocos2d\cocos\2d\debug.win32\ccarmatureanimation.obj
g:\beastcurve\cocos2d\cocos\2d\debug.win32\ccarmaturedefine.obj
g:\beastcurve\cocos2d\cocos\2d\debug.win32\ccbatchnode.obj
g:\beastcurve\cocos2d\cocos\2d\debug.win32\cccomcontroller.obj
g:\beastcurve\cocos2d\cocos\2d\debug.win32\ccdatas.obj
g:\beastcurve\cocos2d\cocos\2d\debug.win32\ccdisplayfactory.obj
g:\beastcurve\cocos2d\cocos\2d\debug.win32\ccobjectextensiondata.obj
g:\beastcurve\cocos2d\cocos\2d\debug.win32\ccskin.obj
g:\beastcurve\cocos2d\cocos\2d\debug.win32\cctween.obj
g:\beastcurve\cocos2d\cocos\2d\debug.win32\cocoloader.obj
g:\beastcurve\cocos2d\cocos\2d\debug.win32\dictionaryhelper.obj
g:\beastcurve\cocos2d\cocos\2d\debug.win32\triggerbase.obj
g:\beastcurve\cocos2d\cocos\2d\debug.win32\widgetcallbackhandlerprotocol.obj
g:\beastcurve\cocos2d\cocos\2d\debug.win32\comaudioreader.obj
g:\beastcurve\cocos2d\cocos\2d\debug.win32\listviewreader.obj
g:\beastcurve\cocos2d\cocos\2d\debug.win32\particlereader.obj
g:\beastcurve\cocos2d\cocos\2d\debug.win32\sliderreader.obj
g:\beastcurve\cocos2d\cocos\2d\debug.win32\textfieldreader.obj
g:\beastcurve\cocos2d\cocos\2d\debug.win32\usercamerareader.obj
g:\beastcurve\cocos2d\cocos\2d\debug.win32\ccgeometry.obj
g:\beastcurve\cocos2d\cocos\2d\debug.win32\mat4.obj
g:\beastcurve\cocos2d\cocos\2d\debug.win32\transformutils.obj
g:\beastcurve\cocos2d\cocos\2d\debug.win32\vec4.obj
g:\beastcurve\cocos2d\cocos\2d\debug.win32\websocket.obj
g:\beastcurve\cocos2d\cocos\2d\debug.win32\ccphysicsjoint.obj
g:\beastcurve\cocos2d\cocos\2d\debug.win32\ccglview.obj
g:\beastcurve\cocos2d\cocos\2d\debug.win32\ccthread.obj
g:\beastcurve\cocos2d\cocos\2d\debug.win32\ccglviewimpl-desktop.obj
g:\beastcurve\cocos2d\cocos\2d\debug.win32\ccstdc-win32.obj
g:\beastcurve\cocos2d\cocos\2d\debug.win32\cccustomcommand.obj
g:\beastcurve\cocos2d\cocos\2d\debug.win32\ccglprogramstate.obj
g:\beastcurve\cocos2d\cocos\2d\debug.win32\ccprimitive.obj
g:\beastcurve\cocos2d\cocos\2d\debug.win32\ccquadcommand.obj
g:\beastcurve\cocos2d\cocos\2d\debug.win32\cctexture2d.obj
g:\beastcurve\cocos2d\cocos\2d\debug.win32\cctrianglescommand.obj
g:\beastcurve\cocos2d\cocos\2d\debug.win32\uishaders.obj
g:\beastcurve\cocos2d\cocos\2d\debug.win32\uideprecated.obj
g:\beastcurve\cocos2d\cocos\2d\debug.win32\uieditboximpl-win32.obj
g:\beastcurve\cocos2d\cocos\2d\debug.win32\uilayoutcomponent.obj
g:\beastcurve\cocos2d\cocos\2d\debug.win32\uilistview.obj
g:\beastcurve\cocos2d\cocos\2d\debug.win32\uirichtext.obj
g:\beastcurve\cocos2d\cocos\2d\debug.win32\uitextbmfont.obj
g:\beastcurve\cocos2d\cocos\2d\debug.win32\ccaction.obj
g:\beastcurve\cocos2d\cocos\2d\debug.win32\ccactionease.obj
g:\beastcurve\cocos2d\cocos\2d\debug.win32\ccactioninterval.obj
g:\beastcurve\cocos2d\cocos\2d\debug.win32\ccactiontween.obj
g:\beastcurve\cocos2d\cocos\2d\debug.win32\cccamera.obj
g:\beastcurve\cocos2d\cocos\2d\debug.win32\cccomponent.obj
g:\beastcurve\cocos2d\cocos\2d\debug.win32\ccdrawnode.obj
g:\beastcurve\cocos2d\cocos\2d\debug.win32\ccfontatlascache.obj
g:\beastcurve\cocos2d\cocos\2d\debug.win32\ccfontfreetype.obj
g:\beastcurve\cocos2d\cocos\2d\debug.win32\cclabelbmfont.obj
g:\beastcurve\cocos2d\cocos\2d\debug.win32\cclayer.obj
g:\beastcurve\cocos2d\cocos\2d\debug.win32\ccnodegrid.obj
g:\beastcurve\cocos2d\cocos\2d\debug.win32\ccparticlesystem.obj
g:\beastcurve\cocos2d\cocos\2d\debug.win32\ccrendertexture.obj
g:\beastcurve\cocos2d\cocos\2d\debug.win32\ccspriteframe.obj
g:\beastcurve\cocos2d\cocos\2d\debug.win32\cctmxlayer.obj
g:\beastcurve\cocos2d\cocos\2d\debug.win32\cctransitionpageturn.obj
g:\beastcurve\cocos2d\cocos\2d\debug.win32\cceventassetsmanagerex.obj
g:\beastcurve\cocos2d\cocos\2d\debug.win32\manifest.obj
g:\beastcurve\cocos2d\cocos\2d\debug.win32\cccontrolbutton.obj
g:\beastcurve\cocos2d\cocos\2d\debug.win32\cccontrolhuepicker.obj
g:\beastcurve\cocos2d\cocos\2d\debug.win32\cccontrolslider.obj
g:\beastcurve\cocos2d\cocos\2d\debug.win32\ccinvocation.obj
g:\beastcurve\cocos2d\cocos\2d\debug.win32\ccparticle3daffector.obj
g:\beastcurve\cocos2d\cocos\2d\debug.win32\ccpuaffector.obj
g:\beastcurve\cocos2d\cocos\2d\debug.win32\ccpualignaffector.obj
g:\beastcurve\cocos2d\cocos\2d\debug.win32\ccpubaseforceaffector.obj
g:\beastcurve\cocos2d\cocos\2d\debug.win32\ccpubehaviourmanager.obj
g:\beastcurve\cocos2d\cocos\2d\debug.win32\ccpuboxcollider.obj
g:\beastcurve\cocos2d\cocos\2d\debug.win32\ccpuboxemittertranslator.obj
g:\beastcurve\cocos2d\cocos\2d\debug.win32\ccpucollisionavoidanceaffectortranslator.obj
g:\beastcurve\cocos2d\cocos\2d\debug.win32\ccpudoaffectoreventhandlertranslator.obj
g:\beastcurve\cocos2d\cocos\2d\debug.win32\ccpudoexpireeventhandlertranslator.obj
g:\beastcurve\cocos2d\cocos\2d\debug.win32\ccpudoplacementparticleeventhandlertranslator.obj
g:\beastcurve\cocos2d\cocos\2d\debug.win32\ccpudostopsystemeventhandlertranslator.obj
g:\beastcurve\cocos2d\cocos\2d\debug.win32\ccpuemittermanager.obj
g:\beastcurve\cocos2d\cocos\2d\debug.win32\ccpueventhandlertranslator.obj
g:\beastcurve\cocos2d\cocos\2d\debug.win32\ccpuforcefieldaffector.obj
g:\beastcurve\cocos2d\cocos\2d\debug.win32\ccpugravityaffector.obj
g:\beastcurve\cocos2d\cocos\2d\debug.win32\ccpujetaffector.obj
g:\beastcurve\cocos2d\cocos\2d\debug.win32\ccpulinearforceaffector.obj
g:\beastcurve\cocos2d\cocos\2d\debug.win32\ccpulistener.obj
g:\beastcurve\cocos2d\cocos\2d\debug.win32\ccpumeshsurfaceemittertranslator.obj
g:\beastcurve\cocos2d\cocos\2d\debug.win32\ccpuonclearobserver.obj
g:\beastcurve\cocos2d\cocos\2d\debug.win32\ccpuoncollisionobserver.obj
g:\beastcurve\cocos2d\cocos\2d\debug.win32\ccpuonemissionobserver.obj
g:\beastcurve\cocos2d\cocos\2d\debug.win32\ccpuonexpireobserver.obj
g:\beastcurve\cocos2d\cocos\2d\debug.win32\ccpuonquotaobserver.obj
g:\beastcurve\cocos2d\cocos\2d\debug.win32\ccpuontimeobserver.obj
g:\beastcurve\cocos2d\cocos\2d\debug.win32\ccpuparticlefollower.obj
g:\beastcurve\cocos2d\cocos\2d\debug.win32\ccpupathfollower.obj
g:\beastcurve\cocos2d\cocos\2d\debug.win32\ccpuplanecollider.obj
g:\beastcurve\cocos2d\cocos\2d\debug.win32\ccpupositionemitter.obj
g:\beastcurve\cocos2d\cocos\2d\debug.win32\ccpurender.obj
g:\beastcurve\cocos2d\cocos\2d\debug.win32\ccpuscaleaffectortranslator.obj
g:\beastcurve\cocos2d\cocos\2d\debug.win32\ccpuscriptlexer.obj
g:\beastcurve\cocos2d\cocos\2d\debug.win32\ccpuscripttranslator.obj
g:\beastcurve\cocos2d\cocos\2d\debug.win32\ccpuslaveemitter.obj
g:\beastcurve\cocos2d\cocos\2d\debug.win32\ccpuspherecollidertranslator.obj
g:\beastcurve\cocos2d\cocos\2d\debug.win32\ccputextureanimator.obj
g:\beastcurve\cocos2d\cocos\2d\debug.win32\ccputranslatemanager.obj
g:\beastcurve\cocos2d\cocos\2d\debug.win32\ccpuvertexemitter.obj
g:\beastcurve\cocos2d\cocos\2d\debug.win32\ccphysicssprite.obj
g:\beastcurve\cocos2d\cocos\2d\debug.win32\idl_gen_general.obj
g:\beastcurve\cocos2d\cocos\2d\debug.win32\tinyxml2.obj
g:\beastcurve\cocos2d\cocos\2d\debug.win32\ioapi_mem.obj
g:\beastcurve\cocos2d\cocos\2d\debug.win32\ioapi.obj
g:\beastcurve\cocos2d\cocos\2d\debug.win32\unzip.obj
g:\beastcurve\cocos2d\cocos\2d\debug.win32\ccaabb.obj
g:\beastcurve\cocos2d\cocos\2d\debug.win32\ccbillboard.obj
g:\beastcurve\cocos2d\cocos\2d\debug.win32\ccmeshskin.obj
g:\beastcurve\cocos2d\cocos\2d\debug.win32\ccobjloader.obj
g:\beastcurve\cocos2d\cocos\2d\debug.win32\ccsprite3d.obj
g:\beastcurve\cocos2d\cocos\2d\debug.win32\ccasynctaskpool.obj
g:\beastcurve\cocos2d\cocos\2d\debug.win32\ccdata.obj
g:\beastcurve\cocos2d\cocos\2d\debug.win32\ccdirector.obj
g:\beastcurve\cocos2d\cocos\2d\debug.win32\ccrandom.obj
g:\beastcurve\cocos2d\cocos\2d\debug.win32\ccscheduler.obj
g:\beastcurve\cocos2d\cocos\2d\debug.win32\ccutf8.obj
g:\beastcurve\cocos2d\cocos\2d\debug.win32\etc1.obj
g:\beastcurve\cocos2d\cocos\2d\debug.win32\pvr.obj
g:\beastcurve\cocos2d\cocos\2d\debug.win32\objectfactory.obj
g:\beastcurve\cocos2d\cocos\2d\debug.win32\tgalib.obj
g:\beastcurve\cocos2d\cocos\2d\debug.win32\ccdictionary.obj
g:\beastcurve\cocos2d\cocos\2d\debug.win32\ccbfileloader.obj
g:\beastcurve\cocos2d\cocos\2d\debug.win32\ccbsequence.obj
g:\beastcurve\cocos2d\cocos\2d\debug.win32\cccontrolbuttonloader.obj
g:\beastcurve\cocos2d\cocos\2d\debug.win32\cclayerloader.obj
g:\beastcurve\cocos2d\cocos\2d\debug.win32\ccmenuitemloader.obj
g:\beastcurve\cocos2d\cocos\2d\debug.win32\ccscale9spriteloader.obj
g:\beastcurve\cocos2d\cocos\2d\debug.win32\ccspriteloader.obj
g:\beastcurve\cocos2d\cocos\2d\debug.win32\ccframe.obj
g:\beastcurve\cocos2d\cocos\2d\debug.win32\cctimeline.obj
g:\beastcurve\cocos2d\cocos\2d\debug.win32\csloader.obj
g:\beastcurve\cocos2d\cocos\2d\debug.win32\ccdecorativedisplay.obj
g:\beastcurve\cocos2d\cocos\2d\debug.win32\ccinputdelegate.obj
g:\beastcurve\cocos2d\cocos\2d\debug.win32\ccsguireader.obj
g:\beastcurve\cocos2d\cocos\2d\debug.win32\triggermng.obj
g:\beastcurve\cocos2d\cocos\2d\debug.win32\buttonreader.obj
g:\beastcurve\cocos2d\cocos\2d\debug.win32\gamemapreader.obj
g:\beastcurve\cocos2d\cocos\2d\debug.win32\loadingbarreader.obj
g:\beastcurve\cocos2d\cocos\2d\debug.win32\projectnodereader.obj
g:\beastcurve\cocos2d\cocos\2d\debug.win32\spritereader.obj
g:\beastcurve\cocos2d\cocos\2d\debug.win32\textreader.obj
g:\beastcurve\cocos2d\cocos\2d\debug.win32\particle3dreader.obj
g:\beastcurve\cocos2d\cocos\2d\debug.win32\mathutil.obj
g:\beastcurve\cocos2d\cocos\2d\debug.win32\vec2.obj
g:\beastcurve\cocos2d\cocos\2d\debug.win32\httpclient.obj
g:\beastcurve\cocos2d\cocos\2d\debug.win32\ccphysicsshape.obj
g:\beastcurve\cocos2d\cocos\2d\debug.win32\ccimage.obj
g:\beastcurve\cocos2d\cocos\2d\debug.win32\ccfileutils-win32.obj
g:\beastcurve\cocos2d\cocos\2d\debug.win32\ccglprogramstatecache.obj
g:\beastcurve\cocos2d\cocos\2d\debug.win32\ccmeshcommand.obj
g:\beastcurve\cocos2d\cocos\2d\debug.win32\cctexturecache.obj
g:\beastcurve\cocos2d\cocos\2d\debug.win32\ccvertexindexbuffer.obj
g:\beastcurve\cocos2d\cocos\2d\debug.win32\uicheckbox.obj
g:\beastcurve\cocos2d\cocos\2d\debug.win32\uihbox.obj
g:\beastcurve\cocos2d\cocos\2d\debug.win32\uilayout.obj
g:\beastcurve\cocos2d\cocos\2d\debug.win32\uirelativebox.obj
g:\beastcurve\cocos2d\cocos\2d\debug.win32\uiscale9sprite.obj
g:\beastcurve\cocos2d\cocos\2d\debug.win32\uitextfield.obj
g:\beastcurve\cocos2d\cocos\2d\debug.win32\ccactioncamera.obj
g:\beastcurve\cocos2d\cocos\2d\debug.win32\ccactiongrid.obj
g:\beastcurve\cocos2d\cocos\2d\debug.win32\ccactionmanager.obj
g:\beastcurve\cocos2d\cocos\2d\debug.win32\ccactiontiledgrid.obj
g:\beastcurve\cocos2d\cocos\2d\debug.win32\ccatlasnode.obj
g:\beastcurve\cocos2d\cocos\2d\debug.win32\cccomponentcontainer.obj
g:\beastcurve\cocos2d\cocos\2d\debug.win32\ccfasttmxtiledmap.obj
g:\beastcurve\cocos2d\cocos\2d\debug.win32\ccfontatlas.obj
g:\beastcurve\cocos2d\cocos\2d\debug.win32\ccglbufferednode.obj
g:\beastcurve\cocos2d\cocos\2d\debug.win32\ccgrabber.obj
g:\beastcurve\cocos2d\cocos\2d\debug.win32\cclabelatlas.obj
g:\beastcurve\cocos2d\cocos\2d\debug.win32\cclabelttf.obj
g:\beastcurve\cocos2d\cocos\2d\debug.win32\ccmenuitem.obj
g:\beastcurve\cocos2d\cocos\2d\debug.win32\ccparallaxnode.obj
g:\beastcurve\cocos2d\cocos\2d\debug.win32\ccparticleexamples.obj
g:\beastcurve\cocos2d\cocos\2d\debug.win32\ccprotectednode.obj
g:\beastcurve\cocos2d\cocos\2d\debug.win32\ccscene.obj
g:\beastcurve\cocos2d\cocos\2d\debug.win32\ccspriteframecache.obj
g:\beastcurve\cocos2d\cocos\2d\debug.win32\cctmxtiledmap.obj
g:\beastcurve\cocos2d\cocos\2d\debug.win32\cctransitionprogress.obj
g:\beastcurve\cocos2d\cocos\2d\debug.win32\cceventlistenerassetsmanagerex.obj
g:\beastcurve\cocos2d\cocos\2d\debug.win32\cccontrolpotentiometer.obj
g:\beastcurve\cocos2d\cocos\2d\debug.win32\cccontrolstepper.obj
g:\beastcurve\cocos2d\cocos\2d\debug.win32\cctableview.obj
g:\beastcurve\cocos2d\cocos\2d\debug.win32\ccparticle3drender.obj
g:\beastcurve\cocos2d\cocos\2d\debug.win32\ccpubasecollider.obj
g:\beastcurve\cocos2d\cocos\2d\debug.win32\ccpubeamrender.obj
g:\beastcurve\cocos2d\cocos\2d\debug.win32\ccpuboxemitter.obj
g:\beastcurve\cocos2d\cocos\2d\debug.win32\ccpucollisionavoidanceaffector.obj
g:\beastcurve\cocos2d\cocos\2d\debug.win32\ccpucoloraffectortranslator.obj
g:\beastcurve\cocos2d\cocos\2d\debug.win32\ccpudoexpireeventhandler.obj
g:\beastcurve\cocos2d\cocos\2d\debug.win32\ccpudoplacementparticleeventhandler.obj
g:\beastcurve\cocos2d\cocos\2d\debug.win32\ccpudoscaleeventhandlertranslator.obj
g:\beastcurve\cocos2d\cocos\2d\debug.win32\ccpuemitter.obj
g:\beastcurve\cocos2d\cocos\2d\debug.win32\ccpueventhandler.obj
g:\beastcurve\cocos2d\cocos\2d\debug.win32\ccpuflockcenteringaffectortranslator.obj
g:\beastcurve\cocos2d\cocos\2d\debug.win32\ccpugeometryrotatortranslator.obj
g:\beastcurve\cocos2d\cocos\2d\debug.win32\ccpuinterparticlecollidertranslator.obj
g:\beastcurve\cocos2d\cocos\2d\debug.win32\ccpulineaffectortranslator.obj
g:\beastcurve\cocos2d\cocos\2d\debug.win32\ccpulineemittertranslator.obj
g:\beastcurve\cocos2d\cocos\2d\debug.win32\ccpumaterialtranslator.obj
g:\beastcurve\cocos2d\cocos\2d\debug.win32\ccpunoise.obj
g:\beastcurve\cocos2d\cocos\2d\debug.win32\ccpuobservermanager.obj
g:\beastcurve\cocos2d\cocos\2d\debug.win32\ccpuoncountobserver.obj
g:\beastcurve\cocos2d\cocos\2d\debug.win32\ccpuonemissionobservertranslator.obj
g:\beastcurve\cocos2d\cocos\2d\debug.win32\ccpuonpositionobserver.obj
g:\beastcurve\cocos2d\cocos\2d\debug.win32\ccpuonquotaobservertranslator.obj
g:\beastcurve\cocos2d\cocos\2d\debug.win32\ccpuonvelocityobserver.obj
g:\beastcurve\cocos2d\cocos\2d\debug.win32\ccpuparticlefollowertranslator.obj
g:\beastcurve\cocos2d\cocos\2d\debug.win32\ccpupathfollowertranslator.obj
g:\beastcurve\cocos2d\cocos\2d\debug.win32\ccpupointemitter.obj
g:\beastcurve\cocos2d\cocos\2d\debug.win32\ccpurandomiser.obj
g:\beastcurve\cocos2d\cocos\2d\debug.win32\ccpuribbontrail.obj
g:\beastcurve\cocos2d\cocos\2d\debug.win32\ccpuscalevelocityaffectortranslator.obj
g:\beastcurve\cocos2d\cocos\2d\debug.win32\ccpusimplespline.obj
g:\beastcurve\cocos2d\cocos\2d\debug.win32\ccpusineforceaffectortranslator.obj
g:\beastcurve\cocos2d\cocos\2d\debug.win32\ccpusphere.obj
g:\beastcurve\cocos2d\cocos\2d\debug.win32\ccpuspheresurfaceemitter.obj
g:\beastcurve\cocos2d\cocos\2d\debug.win32\ccputextureanimatortranslator.obj
g:\beastcurve\cocos2d\cocos\2d\debug.win32\ccpuutil.obj
g:\beastcurve\cocos2d\cocos\2d\debug.win32\ccpuvortexaffector.obj
g:\beastcurve\cocos2d\cocos\2d\debug.win32\convertutf.obj
g:\beastcurve\cocos2d\cocos\2d\debug.win32\convertutfwrapper.obj
g:\beastcurve\cocos2d\cocos\2d\debug.win32\idl_gen_cpp.obj
g:\beastcurve\cocos2d\cocos\2d\debug.win32\idl_gen_text.obj
g:\beastcurve\cocos2d\cocos\2d\debug.win32\ccanimation3d.obj
g:\beastcurve\cocos2d\cocos\2d\debug.win32\ccbundle3d.obj
g:\beastcurve\cocos2d\cocos\2d\debug.win32\ccobb.obj
g:\beastcurve\cocos2d\cocos\2d\debug.win32\ccplane.obj
g:\beastcurve\cocos2d\cocos\2d\debug.win32\ccskeleton3d.obj
g:\beastcurve\cocos2d\cocos\2d\debug.win32\audiocache.obj
g:\beastcurve\cocos2d\cocos\2d\debug.win32\mciplayer.obj
g:\beastcurve\cocos2d\cocos\2d\debug.win32\simpleaudioengine.obj
g:\beastcurve\cocos2d\cocos\2d\debug.win32\cceventkeyboard.obj
g:\beastcurve\cocos2d\cocos\2d\debug.win32\cceventlisteneracceleration.obj
g:\beastcurve\cocos2d\cocos\2d\debug.win32\cceventlistenerkeyboard.obj
g:\beastcurve\cocos2d\cocos\2d\debug.win32\cceventmouse.obj
g:\beastcurve\cocos2d\cocos\2d\debug.win32\ccfpsimages.obj
g:\beastcurve\cocos2d\cocos\2d\debug.win32\ccimedispatcher.obj
g:\beastcurve\cocos2d\cocos\2d\debug.win32\ccref.obj
g:\beastcurve\cocos2d\cocos\2d\debug.win32\cctypes.obj
g:\beastcurve\cocos2d\cocos\2d\debug.win32\ccvalue.obj
g:\beastcurve\cocos2d\cocos\2d\debug.win32\ccarray.obj
g:\beastcurve\cocos2d\cocos\2d\debug.win32\ccset.obj
g:\beastcurve\cocos2d\cocos\2d\debug.win32\ccstring.obj
g:\beastcurve\cocos2d\cocos\2d\debug.win32\ccbkeyframe.obj
g:\beastcurve\cocos2d\cocos\2d\debug.win32\ccbreader.obj
g:\beastcurve\cocos2d\cocos\2d\debug.win32\cclabelttfloader.obj
g:\beastcurve\cocos2d\cocos\2d\debug.win32\ccmenuitemimageloader.obj
g:\beastcurve\cocos2d\cocos\2d\debug.win32\ccnodeloaderlibrary.obj
g:\beastcurve\cocos2d\cocos\2d\debug.win32\ccactiontimeline.obj
g:\beastcurve\cocos2d\cocos\2d\debug.win32\ccnodereader.obj
g:\beastcurve\cocos2d\cocos\2d\debug.win32\ccactionframeeasing.obj
g:\beastcurve\cocos2d\cocos\2d\debug.win32\ccactionobject.obj
g:\beastcurve\cocos2d\cocos\2d\debug.win32\ccarmaturedatamanager.obj
g:\beastcurve\cocos2d\cocos\2d\debug.win32\ccbone.obj
g:\beastcurve\cocos2d\cocos\2d\debug.win32\cccomaudio.obj
g:\beastcurve\cocos2d\cocos\2d\debug.win32\ccdatareaderhelper.obj
g:\beastcurve\cocos2d\cocos\2d\debug.win32\ccdisplaymanager.obj
g:\beastcurve\cocos2d\cocos\2d\debug.win32\ccprocessbase.obj
g:\beastcurve\cocos2d\cocos\2d\debug.win32\ccspriteframecachehelper.obj
g:\beastcurve\cocos2d\cocos\2d\debug.win32\cctransformhelp.obj
g:\beastcurve\cocos2d\cocos\2d\debug.win32\ccutilmath.obj
g:\beastcurve\cocos2d\cocos\2d\debug.win32\flatbuffersserialize.obj
g:\beastcurve\cocos2d\cocos\2d\debug.win32\armaturenodereader.obj
g:\beastcurve\cocos2d\cocos\2d\debug.win32\imageviewreader.obj
g:\beastcurve\cocos2d\cocos\2d\debug.win32\nodereaderdefine.obj
g:\beastcurve\cocos2d\cocos\2d\debug.win32\nodereaderprotocol.obj
g:\beastcurve\cocos2d\cocos\2d\debug.win32\nodereader.obj
g:\beastcurve\cocos2d\cocos\2d\debug.win32\scrollviewreader.obj
g:\beastcurve\cocos2d\cocos\2d\debug.win32\textatlasreader.obj
g:\beastcurve\cocos2d\cocos\2d\debug.win32\node3dreader.obj
g:\beastcurve\cocos2d\cocos\2d\debug.win32\widgetreader.obj
g:\beastcurve\cocos2d\cocos\2d\debug.win32\ccphysicsbody.obj
g:\beastcurve\cocos2d\cocos\2d\debug.win32\ccphysicsworld.obj
g:\beastcurve\cocos2d\cocos\2d\debug.win32\ccsaxparser.obj
g:\beastcurve\cocos2d\cocos\2d\debug.win32\ccapplication-win32.obj
g:\beastcurve\cocos2d\cocos\2d\debug.win32\ccbatchcommand.obj
g:\beastcurve\cocos2d\cocos\2d\debug.win32\ccglprogramcache.obj
g:\beastcurve\cocos2d\cocos\2d\debug.win32\ccgroupcommand.obj
g:\beastcurve\cocos2d\cocos\2d\debug.win32\ccrendercommand.obj
g:\beastcurve\cocos2d\cocos\2d\debug.win32\ccrenderer.obj
g:\beastcurve\cocos2d\cocos\2d\debug.win32\localstorage.obj
g:\beastcurve\cocos2d\cocos\2d\debug.win32\uibutton.obj
g:\beastcurve\cocos2d\cocos\2d\debug.win32\uihelper.obj
g:\beastcurve\cocos2d\cocos\2d\debug.win32\uilayoutmanager.obj
g:\beastcurve\cocos2d\cocos\2d\debug.win32\uiloadingbar.obj
g:\beastcurve\cocos2d\cocos\2d\debug.win32\uislider.obj
g:\beastcurve\cocos2d\cocos\2d\debug.win32\uitextatlas.obj
g:\beastcurve\cocos2d\cocos\2d\debug.win32\uivbox.obj
g:\beastcurve\cocos2d\cocos\2d\debug.win32\ccactioncatmullrom.obj
g:\beastcurve\cocos2d\cocos\2d\debug.win32\ccactiongrid3d.obj
g:\beastcurve\cocos2d\cocos\2d\debug.win32\ccactionpageturn3d.obj
g:\beastcurve\cocos2d\cocos\2d\debug.win32\ccanimationcache.obj
g:\beastcurve\cocos2d\cocos\2d\debug.win32\ccclippingrectanglenode.obj
g:\beastcurve\cocos2d\cocos\2d\debug.win32\ccfasttmxlayer.obj
g:\beastcurve\cocos2d\cocos\2d\debug.win32\ccfontcharmap.obj
g:\beastcurve\cocos2d\cocos\2d\debug.win32\ccgrid.obj
g:\beastcurve\cocos2d\cocos\2d\debug.win32\cclabeltextformatter.obj
g:\beastcurve\cocos2d\cocos\2d\debug.win32\cclight.obj
g:\beastcurve\cocos2d\cocos\2d\debug.win32\ccmotionstreak.obj
g:\beastcurve\cocos2d\cocos\2d\debug.win32\ccparticlebatchnode.obj
g:\beastcurve\cocos2d\cocos\2d\debug.win32\ccparticlesystemquad.obj
g:\beastcurve\cocos2d\cocos\2d\debug.win32\ccspritebatchnode.obj
g:\beastcurve\cocos2d\cocos\2d\debug.win32\cctilemapatlas.obj
g:\beastcurve\cocos2d\cocos\2d\debug.win32\cctmxxmlparser.obj
g:\beastcurve\cocos2d\cocos\2d\debug.win32\cctweenfunction.obj
g:\beastcurve\proj.win32\debug.win32\libcocos2d.lib
g:\beastcurve\proj.win32\debug.win32\libcocos2d.exp
g:\beastcurve\proj.win32\debug.win32\libcocos2d.dll
g:\beastcurve\proj.win32\debug.win32\libcocos2d.pdb
g:\beastcurve\cocos2d\cocos\2d\debug.win32\libcocos2d.tlog\cl.command.1.tlog
g:\beastcurve\cocos2d\cocos\2d\debug.win32\libcocos2d.tlog\cl.read.1.tlog
g:\beastcurve\cocos2d\cocos\2d\debug.win32\libcocos2d.tlog\cl.write.1.tlog
g:\beastcurve\cocos2d\cocos\2d\debug.win32\libcocos2d.tlog\libcocos2d.write.1u.tlog
g:\beastcurve\cocos2d\cocos\2d\debug.win32\libcocos2d.tlog\link.command.1.tlog
g:\beastcurve\cocos2d\cocos\2d\debug.win32\libcocos2d.tlog\link.read.1.tlog
g:\beastcurve\cocos2d\cocos\2d\debug.win32\libcocos2d.tlog\link.write.1.tlog
